2025-07-01 15:59:21,978 INFO  [main] managment.main : Starting main using Java 21.0.5 with PID 4772 (E:\eclips-workspace\CompanyTask\managment\target\classes started by Asus in E:\eclips-workspace\CompanyTask\managment)
2025-07-01 15:59:21,982 INFO  [main] managment.main : The following 1 profile is active: "local"
2025-07-01 15:59:23,502 INFO  [main] org.springframework.data.repository.config.RepositoryConfigurationDelegate : Bootstrapping Spring Data JPA repositories in DEFAULT mode.
2025-07-01 15:59:23,532 INFO  [main] org.springframework.data.repository.config.RepositoryConfigurationDelegate : Finished Spring Data repository scanning in 18 ms. Found 0 JPA repository interfaces.
2025-07-01 15:59:24,663 INFO  [main] org.springframework.boot.web.embedded.tomcat.TomcatWebServer : Tomcat initialized with port 8087 (http)
2025-07-01 15:59:24,692 INFO  [main] org.apache.catalina.core.StandardService : Starting service [Tomcat]
2025-07-01 15:59:24,693 INFO  [main] org.apache.catalina.core.StandardEngine : Starting Servlet engine: [Apache Tomcat/10.1.19]
2025-07-01 15:59:24,779 INFO  [main] org.apache.catalina.core.ContainerBase.[Tomcat].[localhost].[/company-management] : Initializing Spring embedded WebApplicationContext
2025-07-01 15:59:24,780 INFO  [main] org.springframework.boot.web.servlet.context.ServletWebServerApplicationContext : Root WebApplicationContext: initialization completed in 2748 ms
2025-07-01 15:59:25,159 INFO  [main] org.hibernate.jpa.internal.util.LogHelper : HHH000204: Processing PersistenceUnitInfo [name: default]
2025-07-01 15:59:25,215 INFO  [main] org.hibernate.Version : HHH000412: Hibernate ORM core version 6.4.4.Final
2025-07-01 15:59:25,247 INFO  [main] org.hibernate.cache.internal.RegionFactoryInitiator : HHH000026: Second-level cache disabled
2025-07-01 15:59:25,473 INFO  [main] org.springframework.orm.jpa.persistenceunit.SpringPersistenceUnitInfo : No LoadTimeWeaver setup: ignoring JPA class transformer
2025-07-01 15:59:25,502 INFO  [main] com.zaxxer.hikari.HikariDataSource : company-management-pool-local - Starting...
2025-07-01 15:59:26,085 INFO  [main] com.zaxxer.hikari.pool.HikariPool : company-management-pool-local - Added connection com.mysql.cj.jdbc.ConnectionImpl@5f5923ef
2025-07-01 15:59:26,087 INFO  [main] com.zaxxer.hikari.HikariDataSource : company-management-pool-local - Start completed.
2025-07-01 15:59:26,145 WARN  [main] org.hibernate.orm.deprecation : HHH90000025: MySQL8Dialect does not need to be specified explicitly using 'hibernate.dialect' (remove the property setting and it will be selected by default)
2025-07-01 15:59:26,148 WARN  [main] org.hibernate.orm.deprecation : HHH90000026: MySQL8Dialect has been deprecated; use org.hibernate.dialect.MySQLDialect instead
2025-07-01 15:59:26,481 INFO  [main] org.hibernate.engine.transaction.jta.platform.internal.JtaPlatformInitiator : HHH000489: No JTA platform available (set 'hibernate.transaction.jta.platform' to enable JTA platform integration)
2025-07-01 15:59:26,486 INFO  [main] org.springframework.orm.jpa.LocalContainerEntityManagerFactoryBean : Initialized JPA EntityManagerFactory for persistence unit 'default'
2025-07-01 15:59:26,741 WARN  [main] org.springframework.boot.autoconfigure.orm.jpa.JpaBaseConfiguration$JpaWebConfiguration : spring.jpa.open-in-view is enabled by default. Therefore, database queries may be performed during view rendering. Explicitly configure spring.jpa.open-in-view to disable this warning
2025-07-01 15:59:27,884 WARN  [main] org.springframework.boot.autoconfigure.security.servlet.UserDetailsServiceAutoConfiguration : 

Using generated security password: 9db09d30-98e0-4e23-b8a3-02571598131c

This generated password is for development use only. Your security configuration must be updated before running your application in production.

2025-07-01 15:59:28,025 INFO  [main] org.springframework.boot.actuate.endpoint.web.EndpointLinksResolver : Exposing 1 endpoint(s) beneath base path '/actuator'
2025-07-01 15:59:28,072 INFO  [main] org.springframework.security.web.DefaultSecurityFilterChain : Will secure any request with [org.springframework.security.web.session.DisableEncodeUrlFilter@3d8512e9, org.springframework.security.web.context.request.async.WebAsyncManagerIntegrationFilter@46f597f1, org.springframework.security.web.context.SecurityContextHolderFilter@48e3017a, org.springframework.security.web.header.HeaderWriterFilter@d408c5d, org.springframework.web.filter.CorsFilter@2a045e85, org.springframework.security.web.csrf.CsrfFilter@50b78155, org.springframework.security.web.authentication.logout.LogoutFilter@4981b83, org.springframework.security.web.authentication.UsernamePasswordAuthenticationFilter@31c31fa6, org.springframework.security.web.authentication.ui.DefaultLoginPageGeneratingFilter@55c78556, org.springframework.security.web.authentication.ui.DefaultLogoutPageGeneratingFilter@48861d1, org.springframework.security.web.authentication.www.BasicAuthenticationFilter@3a7f382, org.springframework.security.web.savedrequest.RequestCacheAwareFilter@49bf5ec8, org.springframework.security.web.servletapi.SecurityContextHolderAwareRequestFilter@18711946, org.springframework.security.web.authentication.AnonymousAuthenticationFilter@118f39f3, org.springframework.security.web.access.ExceptionTranslationFilter@2e9f5499, org.springframework.security.web.access.intercept.AuthorizationFilter@1dbb9a4a]
2025-07-01 15:59:28,311 INFO  [main] org.springframework.boot.web.embedded.tomcat.TomcatWebServer : Tomcat started on port 8087 (http) with context path '/company-management'
2025-07-01 15:59:28,331 INFO  [main] managment.main : Started main in 6.837 seconds (process running for 7.255)
2025-07-01 16:26:10,691 INFO  [main] managment.main : Starting main using Java 21.0.5 with PID 9944 (C:\Users\Dell\eclipse-workspace\CompanyTask\CompanyTask\managment\target\classes started by Dell in C:\Users\Dell\eclipse-workspace\CompanyTask\CompanyTask\managment)
2025-07-01 16:26:10,695 INFO  [main] managment.main : The following 1 profile is active: "local"
2025-07-01 16:26:12,127 INFO  [main] org.springframework.data.repository.config.RepositoryConfigurationDelegate : Bootstrapping Spring Data JPA repositories in DEFAULT mode.
2025-07-01 16:26:12,155 INFO  [main] org.springframework.data.repository.config.RepositoryConfigurationDelegate : Finished Spring Data repository scanning in 16 ms. Found 0 JPA repository interfaces.
2025-07-01 16:26:13,323 INFO  [main] org.springframework.boot.web.embedded.tomcat.TomcatWebServer : Tomcat initialized with port 8088 (http)
2025-07-01 16:26:13,340 INFO  [main] org.apache.catalina.core.StandardService : Starting service [Tomcat]
2025-07-01 16:26:13,340 INFO  [main] org.apache.catalina.core.StandardEngine : Starting Servlet engine: [Apache Tomcat/10.1.19]
2025-07-01 16:26:13,448 INFO  [main] org.apache.catalina.core.ContainerBase.[Tomcat].[localhost].[/company-management] : Initializing Spring embedded WebApplicationContext
2025-07-01 16:26:13,448 INFO  [main] org.springframework.boot.web.servlet.context.ServletWebServerApplicationContext : Root WebApplicationContext: initialization completed in 2695 ms
2025-07-01 16:26:13,941 INFO  [main] org.hibernate.jpa.internal.util.LogHelper : HHH000204: Processing PersistenceUnitInfo [name: default]
2025-07-01 16:26:14,051 INFO  [main] org.hibernate.Version : HHH000412: Hibernate ORM core version 6.4.4.Final
2025-07-01 16:26:14,109 INFO  [main] org.hibernate.cache.internal.RegionFactoryInitiator : HHH000026: Second-level cache disabled
2025-07-01 16:26:14,464 INFO  [main] org.springframework.orm.jpa.persistenceunit.SpringPersistenceUnitInfo : No LoadTimeWeaver setup: ignoring JPA class transformer
2025-07-01 16:26:14,500 INFO  [main] com.zaxxer.hikari.HikariDataSource : company-management-pool-local - Starting...
2025-07-01 16:26:15,080 INFO  [main] com.zaxxer.hikari.pool.HikariPool : company-management-pool-local - Added connection com.mysql.cj.jdbc.ConnectionImpl@552088cc
2025-07-01 16:26:15,085 INFO  [main] com.zaxxer.hikari.HikariDataSource : company-management-pool-local - Start completed.
2025-07-01 16:26:15,179 WARN  [main] org.hibernate.orm.deprecation : HHH90000025: MySQL8Dialect does not need to be specified explicitly using 'hibernate.dialect' (remove the property setting and it will be selected by default)
2025-07-01 16:26:15,180 WARN  [main] org.hibernate.orm.deprecation : HHH90000026: MySQL8Dialect has been deprecated; use org.hibernate.dialect.MySQLDialect instead
2025-07-01 16:26:16,197 INFO  [main] org.hibernate.engine.transaction.jta.platform.internal.JtaPlatformInitiator : HHH000489: No JTA platform available (set 'hibernate.transaction.jta.platform' to enable JTA platform integration)
2025-07-01 16:26:16,937 INFO  [main] org.springframework.orm.jpa.LocalContainerEntityManagerFactoryBean : Initialized JPA EntityManagerFactory for persistence unit 'default'
2025-07-01 16:26:17,205 WARN  [main] org.springframework.boot.autoconfigure.orm.jpa.JpaBaseConfiguration$JpaWebConfiguration : spring.jpa.open-in-view is enabled by default. Therefore, database queries may be performed during view rendering. Explicitly configure spring.jpa.open-in-view to disable this warning
2025-07-01 16:26:18,200 WARN  [main] org.springframework.boot.autoconfigure.security.servlet.UserDetailsServiceAutoConfiguration : 

Using generated security password: c3e9e951-98a4-4ac2-9bc9-f8f45565975e

This generated password is for development use only. Your security configuration must be updated before running your application in production.

2025-07-01 16:26:18,410 INFO  [main] org.springframework.boot.actuate.endpoint.web.EndpointLinksResolver : Exposing 1 endpoint(s) beneath base path '/actuator'
2025-07-01 16:26:18,449 INFO  [main] org.springframework.security.web.DefaultSecurityFilterChain : Will secure any request with [org.springframework.security.web.session.DisableEncodeUrlFilter@5e59844f, org.springframework.security.web.context.request.async.WebAsyncManagerIntegrationFilter@28cfbcc, org.springframework.security.web.context.SecurityContextHolderFilter@2c48eb31, org.springframework.security.web.header.HeaderWriterFilter@685a3c14, org.springframework.web.filter.CorsFilter@67bf393c, org.springframework.security.web.csrf.CsrfFilter@1d92d132, org.springframework.security.web.authentication.logout.LogoutFilter@3aaeb65b, org.springframework.security.web.authentication.UsernamePasswordAuthenticationFilter@7b2cd7ff, org.springframework.security.web.authentication.ui.DefaultLoginPageGeneratingFilter@1b6824c1, org.springframework.security.web.authentication.ui.DefaultLogoutPageGeneratingFilter@b31cd6b, org.springframework.security.web.authentication.www.BasicAuthenticationFilter@30130a31, org.springframework.security.web.savedrequest.RequestCacheAwareFilter@79dd79eb, org.springframework.security.web.servletapi.SecurityContextHolderAwareRequestFilter@502a9b30, org.springframework.security.web.authentication.AnonymousAuthenticationFilter@19d85bbe, org.springframework.security.web.access.ExceptionTranslationFilter@3ffa424d, org.springframework.security.web.access.intercept.AuthorizationFilter@17eb35fa]
2025-07-01 16:26:18,697 INFO  [main] org.springframework.boot.web.embedded.tomcat.TomcatWebServer : Tomcat started on port 8088 (http) with context path '/company-management'
2025-07-01 16:26:18,717 INFO  [main] managment.main : Started main in 8.639 seconds (process running for 9.126)
2025-07-01 16:30:09,149 INFO  [main] managment.main : Starting main using Java 21.0.5 with PID 26252 (C:\Users\Dell\eclipse-workspace\CompanyTask\CompanyTask\managment\target\classes started by Dell in C:\Users\Dell\eclipse-workspace\CompanyTask\CompanyTask\managment)
2025-07-01 16:30:09,152 INFO  [main] managment.main : The following 1 profile is active: "local"
2025-07-01 16:30:10,417 INFO  [main] org.springframework.data.repository.config.RepositoryConfigurationDelegate : Bootstrapping Spring Data JPA repositories in DEFAULT mode.
2025-07-01 16:30:10,444 INFO  [main] org.springframework.data.repository.config.RepositoryConfigurationDelegate : Finished Spring Data repository scanning in 18 ms. Found 0 JPA repository interfaces.
2025-07-01 16:30:11,417 INFO  [main] org.springframework.boot.web.embedded.tomcat.TomcatWebServer : Tomcat initialized with port 8088 (http)
2025-07-01 16:30:11,450 INFO  [main] org.apache.catalina.core.StandardService : Starting service [Tomcat]
2025-07-01 16:30:11,450 INFO  [main] org.apache.catalina.core.StandardEngine : Starting Servlet engine: [Apache Tomcat/10.1.19]
2025-07-01 16:30:11,542 INFO  [main] org.apache.catalina.core.ContainerBase.[Tomcat].[localhost].[/company-management] : Initializing Spring embedded WebApplicationContext
2025-07-01 16:30:11,543 INFO  [main] org.springframework.boot.web.servlet.context.ServletWebServerApplicationContext : Root WebApplicationContext: initialization completed in 2333 ms
2025-07-01 16:30:12,061 INFO  [main] org.hibernate.jpa.internal.util.LogHelper : HHH000204: Processing PersistenceUnitInfo [name: default]
2025-07-01 16:30:12,177 INFO  [main] org.hibernate.Version : HHH000412: Hibernate ORM core version 6.4.4.Final
2025-07-01 16:30:12,249 INFO  [main] org.hibernate.cache.internal.RegionFactoryInitiator : HHH000026: Second-level cache disabled
2025-07-01 16:30:12,549 INFO  [main] org.springframework.orm.jpa.persistenceunit.SpringPersistenceUnitInfo : No LoadTimeWeaver setup: ignoring JPA class transformer
2025-07-01 16:30:12,597 INFO  [main] com.zaxxer.hikari.HikariDataSource : company-management-pool-local - Starting...
2025-07-01 16:30:13,055 INFO  [main] com.zaxxer.hikari.pool.HikariPool : company-management-pool-local - Added connection com.mysql.cj.jdbc.ConnectionImpl@720ffab4
2025-07-01 16:30:13,058 INFO  [main] com.zaxxer.hikari.HikariDataSource : company-management-pool-local - Start completed.
2025-07-01 16:30:13,128 WARN  [main] org.hibernate.orm.deprecation : HHH90000025: MySQL8Dialect does not need to be specified explicitly using 'hibernate.dialect' (remove the property setting and it will be selected by default)
2025-07-01 16:30:13,130 WARN  [main] org.hibernate.orm.deprecation : HHH90000026: MySQL8Dialect has been deprecated; use org.hibernate.dialect.MySQLDialect instead
2025-07-01 16:30:14,052 INFO  [main] org.hibernate.engine.transaction.jta.platform.internal.JtaPlatformInitiator : HHH000489: No JTA platform available (set 'hibernate.transaction.jta.platform' to enable JTA platform integration)
2025-07-01 16:30:14,352 INFO  [main] org.springframework.orm.jpa.LocalContainerEntityManagerFactoryBean : Initialized JPA EntityManagerFactory for persistence unit 'default'
2025-07-01 16:30:14,639 WARN  [main] org.springframework.boot.autoconfigure.orm.jpa.JpaBaseConfiguration$JpaWebConfiguration : spring.jpa.open-in-view is enabled by default. Therefore, database queries may be performed during view rendering. Explicitly configure spring.jpa.open-in-view to disable this warning
2025-07-01 16:30:15,764 WARN  [main] org.springframework.boot.autoconfigure.security.servlet.UserDetailsServiceAutoConfiguration : 

Using generated security password: e775f068-fef8-412b-8bc6-56cf68089ac0

This generated password is for development use only. Your security configuration must be updated before running your application in production.

2025-07-01 16:30:15,928 INFO  [main] org.springframework.boot.actuate.endpoint.web.EndpointLinksResolver : Exposing 1 endpoint(s) beneath base path '/actuator'
2025-07-01 16:30:15,963 INFO  [main] org.springframework.security.web.DefaultSecurityFilterChain : Will secure any request with [org.springframework.security.web.session.DisableEncodeUrlFilter@28cfbcc, org.springframework.security.web.context.request.async.WebAsyncManagerIntegrationFilter@67bf393c, org.springframework.security.web.context.SecurityContextHolderFilter@12a719ed, org.springframework.security.web.header.HeaderWriterFilter@f7a19c4, org.springframework.web.filter.CorsFilter@b31cd6b, org.springframework.security.web.csrf.CsrfFilter@213f2d00, org.springframework.security.web.authentication.logout.LogoutFilter@3b96ea23, org.springframework.security.web.authentication.UsernamePasswordAuthenticationFilter@35266985, org.springframework.security.web.authentication.ui.DefaultLoginPageGeneratingFilter@28fa0ff8, org.springframework.security.web.authentication.ui.DefaultLogoutPageGeneratingFilter@19d85bbe, org.springframework.security.web.authentication.www.BasicAuthenticationFilter@5aa0d535, org.springframework.security.web.savedrequest.RequestCacheAwareFilter@502a9b30, org.springframework.security.web.servletapi.SecurityContextHolderAwareRequestFilter@7a2d676e, org.springframework.security.web.authentication.AnonymousAuthenticationFilter@7c6f91d2, org.springframework.security.web.access.ExceptionTranslationFilter@5304cee, org.springframework.security.web.access.intercept.AuthorizationFilter@1d691d4f]
2025-07-01 16:30:16,220 INFO  [main] org.springframework.boot.web.embedded.tomcat.TomcatWebServer : Tomcat started on port 8088 (http) with context path '/company-management'
2025-07-01 16:30:16,236 INFO  [main] managment.main : Started main in 7.65 seconds (process running for 8.088)
